Generated at 2016-09-14 16:20:42 +0000
Mixlib::ShellOut::ShellCommandFailed: execute[app_install] (jboss::default line 77) had an error: Mixlib::ShellOut::ShellCommandFailed: Expected process to exit with [0], but received '1'
---- Begin output of unzip -j app.zip -d /opt/jboss-as-7.1.1.Final/standalone/deployments/ ----
STDOUT: Archive:  app.zip
STDERR: replace /opt/jboss-as-7.1.1.Final/standalone/deployments/testweb.war? [y]es, [n]o, [A]ll, [N]one, [r]ename:  NULL
(EOF or read error, treating as "[N]one" ...)
---- End output of unzip -j app.zip -d /opt/jboss-as-7.1.1.Final/standalone/deployments/ ----
Ran unzip -j app.zip -d /opt/jboss-as-7.1.1.Final/standalone/deployments/ returned 1
/opt/chefdk/embedded/lib/ruby/gems/2.1.0/gems/mixlib-shellout-2.2.6/lib/mixlib/shellout.rb:289:in `invalid!'
/opt/chefdk/embedded/lib/ruby/gems/2.1.0/gems/mixlib-shellout-2.2.6/lib/mixlib/shellout.rb:276:in `error!'
/opt/chefdk/embedded/lib/ruby/gems/2.1.0/gems/chef-12.13.37/lib/chef/mixin/shell_out.rb:45:in `shell_out!'
/opt/chefdk/embedded/lib/ruby/gems/2.1.0/gems/chef-12.13.37/lib/chef/provider/execute.rb:62:in `block in action_run'
/opt/chefdk/embedded/lib/ruby/gems/2.1.0/gems/chef-12.13.37/lib/chef/mixin/why_run.rb:52:in `add_action'
/opt/chefdk/embedded/lib/ruby/gems/2.1.0/gems/chef-12.13.37/lib/chef/provider.rb:176:in `converge_by'
/opt/chefdk/embedded/lib/ruby/gems/2.1.0/gems/chef-12.13.37/lib/chef/provider/execute.rb:60:in `action_run'
/opt/chefdk/embedded/lib/ruby/gems/2.1.0/gems/chef-12.13.37/lib/chef/provider.rb:145:in `run_action'
/opt/chefdk/embedded/lib/ruby/gems/2.1.0/gems/chef-12.13.37/lib/chef/resource.rb:603:in `run_action'
/root/.chef/cookbooks/compat_resource/files/lib/chef_compat/monkeypatches/chef/runner.rb:78:in `run_action'
/root/.chef/cookbooks/compat_resource/files/lib/chef_compat/monkeypatches/chef/runner.rb:106:in `block (2 levels) in converge'
/root/.chef/cookbooks/compat_resource/files/lib/chef_compat/monkeypatches/chef/runner.rb:106:in `each'
/root/.chef/cookbooks/compat_resource/files/lib/chef_compat/monkeypatches/chef/runner.rb:106:in `block in converge'
/opt/chefdk/embedded/lib/ruby/gems/2.1.0/gems/chef-12.13.37/lib/chef/resource_collection/resource_list.rb:94:in `block in execute_each_resource'
/opt/chefdk/embedded/lib/ruby/gems/2.1.0/gems/chef-12.13.37/lib/chef/resource_collection/stepable_iterator.rb:116:in `call'
/opt/chefdk/embedded/lib/ruby/gems/2.1.0/gems/chef-12.13.37/lib/chef/resource_collection/stepable_iterator.rb:116:in `call_iterator_block'
/opt/chefdk/embedded/lib/ruby/gems/2.1.0/gems/chef-12.13.37/lib/chef/resource_collection/stepable_iterator.rb:85:in `step'
/opt/chefdk/embedded/lib/ruby/gems/2.1.0/gems/chef-12.13.37/lib/chef/resource_collection/stepable_iterator.rb:104:in `iterate'
/opt/chefdk/embedded/lib/ruby/gems/2.1.0/gems/chef-12.13.37/lib/chef/resource_collection/stepable_iterator.rb:55:in `each_with_index'
/opt/chefdk/embedded/lib/ruby/gems/2.1.0/gems/chef-12.13.37/lib/chef/resource_collection/resource_list.rb:92:in `execute_each_resource'
/root/.chef/cookbooks/compat_resource/files/lib/chef_compat/monkeypatches/chef/runner.rb:105:in `converge'
/opt/chefdk/embedded/lib/ruby/gems/2.1.0/gems/chef-12.13.37/lib/chef/client.rb:669:in `block in converge'
/opt/chefdk/embedded/lib/ruby/gems/2.1.0/gems/chef-12.13.37/lib/chef/client.rb:664:in `catch'
/opt/chefdk/embedded/lib/ruby/gems/2.1.0/gems/chef-12.13.37/lib/chef/client.rb:664:in `converge'
/opt/chefdk/embedded/lib/ruby/gems/2.1.0/gems/chef-12.13.37/lib/chef/client.rb:703:in `converge_and_save'
/opt/chefdk/embedded/lib/ruby/gems/2.1.0/gems/chef-12.13.37/lib/chef/client.rb:283:in `run'
/opt/chefdk/embedded/lib/ruby/gems/2.1.0/gems/chef-12.13.37/lib/chef/application.rb:302:in `block in fork_chef_client'
/opt/chefdk/embedded/lib/ruby/gems/2.1.0/gems/chef-12.13.37/lib/chef/application.rb:290:in `fork'
/opt/chefdk/embedded/lib/ruby/gems/2.1.0/gems/chef-12.13.37/lib/chef/application.rb:290:in `fork_chef_client'
/opt/chefdk/embedded/lib/ruby/gems/2.1.0/gems/chef-12.13.37/lib/chef/application.rb:255:in `block in run_chef_client'
/opt/chefdk/embedded/lib/ruby/gems/2.1.0/gems/chef-12.13.37/lib/chef/local_mode.rb:44:in `with_server_connectivity'
/opt/chefdk/embedded/lib/ruby/gems/2.1.0/gems/chef-12.13.37/lib/chef/application.rb:243:in `run_chef_client'
/opt/chefdk/embedded/lib/ruby/gems/2.1.0/gems/chef-12.13.37/lib/chef/application/client.rb:464:in `sleep_then_run_chef_client'
/opt/chefdk/embedded/lib/ruby/gems/2.1.0/gems/chef-12.13.37/lib/chef/application/client.rb:451:in `block in interval_run_chef_client'
/opt/chefdk/embedded/lib/ruby/gems/2.1.0/gems/chef-12.13.37/lib/chef/application/client.rb:450:in `loop'
/opt/chefdk/embedded/lib/ruby/gems/2.1.0/gems/chef-12.13.37/lib/chef/application/client.rb:450:in `interval_run_chef_client'
/opt/chefdk/embedded/lib/ruby/gems/2.1.0/gems/chef-12.13.37/lib/chef/application/client.rb:434:in `run_application'
/opt/chefdk/embedded/lib/ruby/gems/2.1.0/gems/chef-12.13.37/lib/chef/application.rb:60:in `run'
/opt/chefdk/embedded/lib/ruby/gems/2.1.0/gems/chef-12.13.37/lib/chef/application/solo.rb:226:in `run'
/opt/chefdk/embedded/lib/ruby/gems/2.1.0/gems/chef-12.13.37/bin/chef-solo:25:in `<top (required)>'
/usr/bin/chef-solo:53:in `load'
/usr/bin/chef-solo:53:in `<main>'

>>>> Caused by Mixlib::ShellOut::ShellCommandFailed: Expected process to exit with [0], but received '1'
---- Begin output of unzip -j app.zip -d /opt/jboss-as-7.1.1.Final/standalone/deployments/ ----
STDOUT: Archive:  app.zip
STDERR: replace /opt/jboss-as-7.1.1.Final/standalone/deployments/testweb.war? [y]es, [n]o, [A]ll, [N]one, [r]ename:  NULL
(EOF or read error, treating as "[N]one" ...)
---- End output of unzip -j app.zip -d /opt/jboss-as-7.1.1.Final/standalone/deployments/ ----
Ran unzip -j app.zip -d /opt/jboss-as-7.1.1.Final/standalone/deployments/ returned 1
/opt/chefdk/embedded/lib/ruby/gems/2.1.0/gems/mixlib-shellout-2.2.6/lib/mixlib/shellout.rb:289:in `invalid!'
/opt/chefdk/embedded/lib/ruby/gems/2.1.0/gems/mixlib-shellout-2.2.6/lib/mixlib/shellout.rb:276:in `error!'
/opt/chefdk/embedded/lib/ruby/gems/2.1.0/gems/chef-12.13.37/lib/chef/mixin/shell_out.rb:45:in `shell_out!'
/opt/chefdk/embedded/lib/ruby/gems/2.1.0/gems/chef-12.13.37/lib/chef/provider/execute.rb:62:in `block in action_run'
/opt/chefdk/embedded/lib/ruby/gems/2.1.0/gems/chef-12.13.37/lib/chef/mixin/why_run.rb:52:in `add_action'
/opt/chefdk/embedded/lib/ruby/gems/2.1.0/gems/chef-12.13.37/lib/chef/provider.rb:176:in `converge_by'
/opt/chefdk/embedded/lib/ruby/gems/2.1.0/gems/chef-12.13.37/lib/chef/provider/execute.rb:60:in `action_run'
/opt/chefdk/embedded/lib/ruby/gems/2.1.0/gems/chef-12.13.37/lib/chef/provider.rb:145:in `run_action'
/opt/chefdk/embedded/lib/ruby/gems/2.1.0/gems/chef-12.13.37/lib/chef/resource.rb:603:in `run_action'
/root/.chef/cookbooks/compat_resource/files/lib/chef_compat/monkeypatches/chef/runner.rb:78:in `run_action'
/root/.chef/cookbooks/compat_resource/files/lib/chef_compat/monkeypatches/chef/runner.rb:106:in `block (2 levels) in converge'
/root/.chef/cookbooks/compat_resource/files/lib/chef_compat/monkeypatches/chef/runner.rb:106:in `each'
/root/.chef/cookbooks/compat_resource/files/lib/chef_compat/monkeypatches/chef/runner.rb:106:in `block in converge'
/opt/chefdk/embedded/lib/ruby/gems/2.1.0/gems/chef-12.13.37/lib/chef/resource_collection/resource_list.rb:94:in `block in execute_each_resource'
/opt/chefdk/embedded/lib/ruby/gems/2.1.0/gems/chef-12.13.37/lib/chef/resource_collection/stepable_iterator.rb:116:in `call'
/opt/chefdk/embedded/lib/ruby/gems/2.1.0/gems/chef-12.13.37/lib/chef/resource_collection/stepable_iterator.rb:116:in `call_iterator_block'
/opt/chefdk/embedded/lib/ruby/gems/2.1.0/gems/chef-12.13.37/lib/chef/resource_collection/stepable_iterator.rb:85:in `step'
/opt/chefdk/embedded/lib/ruby/gems/2.1.0/gems/chef-12.13.37/lib/chef/resource_collection/stepable_iterator.rb:104:in `iterate'
/opt/chefdk/embedded/lib/ruby/gems/2.1.0/gems/chef-12.13.37/lib/chef/resource_collection/stepable_iterator.rb:55:in `each_with_index'
/opt/chefdk/embedded/lib/ruby/gems/2.1.0/gems/chef-12.13.37/lib/chef/resource_collection/resource_list.rb:92:in `execute_each_resource'
/root/.chef/cookbooks/compat_resource/files/lib/chef_compat/monkeypatches/chef/runner.rb:105:in `converge'
/opt/chefdk/embedded/lib/ruby/gems/2.1.0/gems/chef-12.13.37/lib/chef/client.rb:669:in `block in converge'
/opt/chefdk/embedded/lib/ruby/gems/2.1.0/gems/chef-12.13.37/lib/chef/client.rb:664:in `catch'
/opt/chefdk/embedded/lib/ruby/gems/2.1.0/gems/chef-12.13.37/lib/chef/client.rb:664:in `converge'
/opt/chefdk/embedded/lib/ruby/gems/2.1.0/gems/chef-12.13.37/lib/chef/client.rb:703:in `converge_and_save'
/opt/chefdk/embedded/lib/ruby/gems/2.1.0/gems/chef-12.13.37/lib/chef/client.rb:283:in `run'
/opt/chefdk/embedded/lib/ruby/gems/2.1.0/gems/chef-12.13.37/lib/chef/application.rb:302:in `block in fork_chef_client'
/opt/chefdk/embedded/lib/ruby/gems/2.1.0/gems/chef-12.13.37/lib/chef/application.rb:290:in `fork'
/opt/chefdk/embedded/lib/ruby/gems/2.1.0/gems/chef-12.13.37/lib/chef/application.rb:290:in `fork_chef_client'
/opt/chefdk/embedded/lib/ruby/gems/2.1.0/gems/chef-12.13.37/lib/chef/application.rb:255:in `block in run_chef_client'
/opt/chefdk/embedded/lib/ruby/gems/2.1.0/gems/chef-12.13.37/lib/chef/local_mode.rb:44:in `with_server_connectivity'
/opt/chefdk/embedded/lib/ruby/gems/2.1.0/gems/chef-12.13.37/lib/chef/application.rb:243:in `run_chef_client'
/opt/chefdk/embedded/lib/ruby/gems/2.1.0/gems/chef-12.13.37/lib/chef/application/client.rb:464:in `sleep_then_run_chef_client'
/opt/chefdk/embedded/lib/ruby/gems/2.1.0/gems/chef-12.13.37/lib/chef/application/client.rb:451:in `block in interval_run_chef_client'
/opt/chefdk/embedded/lib/ruby/gems/2.1.0/gems/chef-12.13.37/lib/chef/application/client.rb:450:in `loop'
/opt/chefdk/embedded/lib/ruby/gems/2.1.0/gems/chef-12.13.37/lib/chef/application/client.rb:450:in `interval_run_chef_client'
/opt/chefdk/embedded/lib/ruby/gems/2.1.0/gems/chef-12.13.37/lib/chef/application/client.rb:434:in `run_application'
/opt/chefdk/embedded/lib/ruby/gems/2.1.0/gems/chef-12.13.37/lib/chef/application.rb:60:in `run'
/opt/chefdk/embedded/lib/ruby/gems/2.1.0/gems/chef-12.13.37/lib/chef/application/solo.rb:226:in `run'
/opt/chefdk/embedded/lib/ruby/gems/2.1.0/gems/chef-12.13.37/bin/chef-solo:25:in `<top (required)>'
/usr/bin/chef-solo:53:in `load'
/usr/bin/chef-solo:53:in `<main>'